----------1------10.42.89.196-------------
	
match.conf
9732
match3.conf
9845
----------2------10.42.133.148-------------
	
match.conf
12353
match3.conf
12455
----------3------10.42.103.102-------------
	
match.conf
21841
match3.conf
21966
----------4------10.42.188.53-------------
	
match.conf
21704
match3.conf
21819
----------5------10.42.151.104-------------
	
match.conf
20761
match3.conf
21542
----------6------10.42.73.198-------------
	
match.conf
21039
match3.conf
21096
----------1------10.42.89.196-------------
	
matchsystem.conf

matchsystem3.conf

----------2------10.42.133.148-------------
	
matchsystem.conf

matchsystem3.conf

----------3------10.42.103.102-------------
	
matchsystem.conf

matchsystem3.conf

----------4------10.42.188.53-------------
	
matchsystem.conf

matchsystem3.conf

----------5------10.42.151.104-------------
	
matchsystem.conf

matchsystem3.conf

----------6------10.42.73.198-------------
	
matchsystem.conf

matchsystem3.conf

----------1------10.42.89.196-------------
	
matchsystem.conf
10885
matchsystem3.conf
10942
----------2------10.42.133.148-------------
	
matchsystem.conf
13532
matchsystem3.conf
13589
----------3------10.42.103.102-------------
	
matchsystem.conf
23282
matchsystem3.conf
23339
----------4------10.42.188.53-------------
	
matchsystem.conf
23161
matchsystem3.conf
23218
----------5------10.42.151.104-------------
	
matchsystem.conf
22192
matchsystem3.conf
22249
----------6------10.42.73.198-------------
	
matchsystem.conf
22058
matchsystem3.conf
22115
----------1------10.42.89.196-------------
	
roomEnter.conf

roomEnter3.conf

----------2------10.42.133.148-------------
	
roomEnter.conf

roomEnter3.conf

----------3------10.42.103.102-------------
	
roomEnter.conf

roomEnter3.conf

----------4------10.42.188.53-------------
	
roomEnter.conf

roomEnter3.conf

----------5------10.42.151.104-------------
	
roomEnter.conf

roomEnter3.conf

----------6------10.42.73.198-------------
	
roomEnter.conf

roomEnter3.conf

----------1------10.42.89.196-------------
	
roomEnter.conf
11606
roomEnter3.conf
11663
----------2------10.42.133.148-------------
	
roomEnter.conf
14255
roomEnter3.conf
14312
----------3------10.42.103.102-------------
	
roomEnter.conf
24466
roomEnter3.conf
24523
----------4------10.42.188.53-------------
	
roomEnter.conf
24339
roomEnter3.conf
24396
----------5------10.42.151.104-------------
	
roomEnter.conf
23375
roomEnter3.conf
23432
----------6------10.42.73.198-------------
	
roomEnter.conf
23237
roomEnter3.conf
23294
----------1------10.42.89.196-------------
	
nextQuestion.conf

nextQuestion3.conf

----------2------10.42.133.148-------------
	
nextQuestion.conf

nextQuestion3.conf

----------3------10.42.103.102-------------
	
nextQuestion.conf

nextQuestion3.conf

----------4------10.42.188.53-------------
	
nextQuestion.conf

nextQuestion3.conf

----------5------10.42.151.104-------------
	
nextQuestion.conf

nextQuestion3.conf

----------6------10.42.73.198-------------
	
nextQuestion.conf

nextQuestion3.conf

----------1------10.42.89.196-------------
	
nextQuestion.conf
12171
nextQuestion3.conf
12228
----------2------10.42.133.148-------------
	
nextQuestion.conf
14808
nextQuestion3.conf
14866
----------3------10.42.103.102-------------
	
nextQuestion.conf
25270
nextQuestion3.conf
25327
----------4------10.42.188.53-------------
	
nextQuestion.conf
25144
nextQuestion3.conf
25201
----------5------10.42.151.104-------------
	
nextQuestion.conf
24178
nextQuestion3.conf
24235
----------6------10.42.73.198-------------
	
nextQuestion.conf
24033
nextQuestion3.conf
24090
----------1------10.42.89.196-------------
	
answering.conf

answering3.conf

----------2------10.42.133.148-------------
	
answering.conf

answering3.conf

----------3------10.42.103.102-------------
	
answering.conf

answering3.conf

----------4------10.42.188.53-------------
	
answering.conf

answering3.conf

----------5------10.42.151.104-------------
	
answering.conf

answering3.conf

----------6------10.42.73.198-------------
	
answering.conf

answering3.conf

----------1------10.42.89.196-------------
	
answering.conf
12771
answering3.conf
12828
----------2------10.42.133.148-------------
	
answering.conf
15419
answering3.conf
15476
----------3------10.42.103.102-------------
	
answering.conf
26104
answering3.conf
26161
----------4------10.42.188.53-------------
	
answering.conf
25985
answering3.conf
26042
----------5------10.42.151.104-------------
	
answering.conf
25020
answering3.conf
25077
----------6------10.42.73.198-------------
	
answering.conf
24885
answering3.conf
24942
----------1------10.42.89.196-------------
	
roomEnd.conf

roomEnd3.conf

----------2------10.42.133.148-------------
	
roomEnd.conf

roomEnd3.conf

----------3------10.42.103.102-------------
	
roomEnd.conf

roomEnd3.conf

----------4------10.42.188.53-------------
	
roomEnd.conf

roomEnd3.conf

----------5------10.42.151.104-------------
	
roomEnd.conf

roomEnd3.conf

----------6------10.42.73.198-------------
	
roomEnd.conf

roomEnd3.conf

----------1------10.42.89.196-------------
	
roomEnd.conf
13322
roomEnd3.conf
13380
----------2------10.42.133.148-------------
	
roomEnd.conf
15972
roomEnd3.conf
16029
----------3------10.42.103.102-------------
	
roomEnd.conf
26903
roomEnd3.conf
26960
----------4------10.42.188.53-------------
	
roomEnd.conf
26786
roomEnd3.conf
26844
----------5------10.42.151.104-------------
	
roomEnd.conf
25815
roomEnd3.conf
25872
----------6------10.42.73.198-------------
	
roomEnd.conf
25678
roomEnd3.conf
25735
----------1------10.9.77.93-------------
	
answerquestions.conf

answerquestions3.conf

----------2------10.9.76.184-------------
	
answerquestions.conf

answerquestions3.conf

----------3------10.9.73.150-------------
	
answerquestions.conf

answerquestions3.conf

----------4------10.9.65.154-------------
	
answerquestions.conf

answerquestions3.conf

----------5------10.9.77.250-------------
	
answerquestions.conf

answerquestions3.conf

----------6------10.9.75.100-------------
	
answerquestions.conf

answerquestions3.conf

----------1------10.9.77.93-------------
	
answerquestions.conf
11725
answerquestions3.conf
11783
----------3------10.9.73.150-------------
	
answerquestions.conf
20449
answerquestions3.conf
20515
----------4------10.9.65.154-------------
	
	
answerquestions.conf
19083
answerquestions3.conf
19142
----------6------10.9.75.100-------------
	
answerquestions.conf
19010
answerquestions3.conf
19080
----------1------10.9.77.93-------------
	
answerquestions.conf
23744
answerquestions3.conf
23801
----------2------10.9.76.184-------------
	
answerquestions.conf
11725
answerquestions3.conf
11783
----------3------10.9.73.150-------------
	
answerquestions.conf
20449
answerquestions3.conf
20515
----------4------10.9.65.154-------------
	
answerquestions.conf
10643
answerquestions3.conf
10967
----------5------10.9.77.250-------------
	
answerquestions.conf
19083
answerquestions3.conf
19142
----------6------10.9.75.100-------------
	
answerquestions.conf
19010
answerquestions3.conf
19080
----------1------10.42.89.196-------------
	
matchSuccess.conf
12066
matchSuccess3.conf
12178
----------2------10.42.133.148-------------
	
matchSuccess.conf
26060
matchSuccess3.conf
26664
----------3------10.42.103.102-------------
	
matchSuccess.conf
7893
matchSuccess3.conf
8018
----------4------10.42.188.53-------------
	
matchSuccess.conf
14772
matchSuccess3.conf
11110
----------5------10.42.151.104-------------
	
matchSuccess.conf
24648
matchSuccess3.conf
18306
----------6------10.42.73.198-------------
	
matchSuccess.conf
26048
matchSuccess3.conf
19603
