----------1------10.9.115.82-------------
getadvs.conf
3248
repostadvs.conf
3256
apprequest.conf
3242
advresp.conf
3229
adxrequest.conf
3233
adxresponse.conf
3236
adxerror.conf
3231
----------2------10.9.116.224-------------
getadvs.conf
3246
repostadvs.conf
3253
apprequest.conf
3239
advresp.conf
3226
adxrequest.conf
3230
adxresponse.conf
3233
adxerror.conf
3228
----------3------10.9.120.26-------------
getadvs.conf
3832
repostadvs.conf
3839
apprequest.conf
3826
advresp.conf
3812
adxrequest.conf
3816
adxresponse.conf
3819
adxerror.conf
3814
----------4------10.9.124.90-------------
getadvs.conf
3515
repostadvs.conf
3529
apprequest.conf
3508
advresp.conf
3495
adxrequest.conf
3499
adxresponse.conf
3502
adxerror.conf
3497
----------5------10.9.138.40-------------
getadvs.conf
3422
repostadvs.conf
3425
apprequest.conf
3414
advresp.conf
3400
adxrequest.conf
3404
adxresponse.conf
3407
adxerror.conf
3402
----------6------10.9.165.160-------------
getadvs.conf
3326
repostadvs.conf
3333
apprequest.conf
3317
advresp.conf
3307
adxrequest.conf
3311
adxresponse.conf
3314
adxerror.conf
3309
----------7------10.9.184.252-------------
getadvs.conf
3308
repostadvs.conf
3315
apprequest.conf
3303
advresp.conf
3288
adxrequest.conf
3292
adxresponse.conf
3295
adxerror.conf
3290
----------8------10.9.21.115-------------
getadvs.conf
3192
repostadvs.conf
3194
apprequest.conf
3190
advresp.conf
3182
adxrequest.conf
3186
adxresponse.conf
3188
adxerror.conf
3184
----------9------10.9.29.16-------------
getadvs.conf
3993
repostadvs.conf
3998
apprequest.conf
3991
advresp.conf
3980
adxrequest.conf
3984
adxresponse.conf
3988
adxerror.conf
3982
----------10------10.9.30.221-------------
getadvs.conf
1451
repostadvs.conf
1472
apprequest.conf
1433
advresp.conf
1421
adxrequest.conf
1425
adxresponse.conf
1428
adxerror.conf
1423
----------11------10.9.31.144-------------
getadvs.conf
4013
repostadvs.conf
4020
apprequest.conf
4002
advresp.conf
3992
adxrequest.conf
3996
adxresponse.conf
3998
adxerror.conf
3994
----------12------10.9.32.191-------------
getadvs.conf
3574
repostadvs.conf
3581
apprequest.conf
3567
advresp.conf
3553
adxrequest.conf
3557
adxresponse.conf
3560
adxerror.conf
3555
----------13------10.9.35.118-------------
getadvs.conf
1482
repostadvs.conf
1485
apprequest.conf
1479
advresp.conf
1469
adxrequest.conf
1473
adxresponse.conf
1475
adxerror.conf
1471
----------14------10.9.36.248-------------
getadvs.conf
1797
repostadvs.conf
1799
apprequest.conf
1795
advresp.conf
1787
adxrequest.conf
1791
adxresponse.conf
1793
adxerror.conf
1789
----------15------10.9.36.92-------------
getadvs.conf
17269
repostadvs.conf
17282
apprequest.conf
17260
advresp.conf
17244
adxrequest.conf
17254
adxresponse.conf
17257
adxerror.conf
17252
----------16------10.9.41.6-------------
getadvs.conf
1490
repostadvs.conf
1498
apprequest.conf
1482
advresp.conf
1471
adxrequest.conf
1475
adxresponse.conf
1478
adxerror.conf
1473
----------17------10.9.43.20-------------
getadvs.conf
1556
repostadvs.conf
1565
apprequest.conf
1548
advresp.conf
1536
adxrequest.conf
1540
adxresponse.conf
1543
adxerror.conf
1538
----------18------10.9.47.74-------------
getadvs.conf
1522
repostadvs.conf
1530
apprequest.conf
1512
advresp.conf
1502
adxrequest.conf
1506
adxresponse.conf
1508
adxerror.conf
1504
----------19------10.9.50.216-------------
getadvs.conf
1564
repostadvs.conf
1579
apprequest.conf
1560
advresp.conf
1551
adxrequest.conf
1555
adxresponse.conf
1557
adxerror.conf
1553
----------20------10.9.51.209-------------
getadvs.conf
2235
repostadvs.conf
2244
apprequest.conf
2225
advresp.conf
2214
adxrequest.conf
2218
adxresponse.conf
2221
adxerror.conf
2216
----------21------10.9.54.186-------------
repostadvs.conf
1535
apprequest.conf
1505
advresp.conf
1495
adxrequest.conf
1499
adxresponse.conf
1502
adxerror.conf
1497
----------22------10.9.54.206-------------
getadvs.conf
1486
repostadvs.conf
1493
apprequest.conf
1470
advresp.conf
1451
adxrequest.conf
1455
adxresponse.conf
1459
adxerror.conf
1453
----------23------10.9.55.155-------------
getadvs.conf
1447
repostadvs.conf
1450
apprequest.conf
1444
advresp.conf
1434
adxrequest.conf
1438
adxresponse.conf
1441
adxerror.conf
1436
----------24------10.9.59.204-------------
getadvs.conf
1513
repostadvs.conf
1522
apprequest.conf
1505
advresp.conf
1490
adxrequest.conf
1494
adxresponse.conf
1498
adxerror.conf
1492
----------25------10.9.60.154-------------
getadvs.conf
2145
repostadvs.conf
2151
apprequest.conf
2135
advresp.conf
2119
adxrequest.conf
2123
adxresponse.conf
2127
adxerror.conf
2121
----------26------10.9.70.243-------------
getadvs.conf
2295
repostadvs.conf
2299
apprequest.conf
2293
advresp.conf
2291
adxrequest.conf
22586
adxresponse.conf
24481
adxerror.conf
20136
----------27------10.9.75.140-------------
getadvs.conf
2225
repostadvs.conf
2230
apprequest.conf
2222
advresp.conf
2220
adxrequest.conf
13262
adxresponse.conf
15156
adxerror.conf
10702
----------28------10.9.78.50-------------
getadvs.conf
2194
repostadvs.conf
2199
apprequest.conf
2192
advresp.conf
2190
adxrequest.conf
15139
adxresponse.conf
17010
adxerror.conf
12139
----------29------10.9.81.204-------------
getadvs.conf
3296
repostadvs.conf
3304
apprequest.conf
3291
advresp.conf
3277
adxrequest.conf
3281
adxresponse.conf
3284
adxerror.conf
3279
----------30------10.9.87.139-------------
repostadvs.conf
3323
apprequest.conf
3309
advresp.conf
3294
adxrequest.conf
3298
adxresponse.conf
3301
adxerror.conf
3296
----------31------10.9.88.250-------------
getadvs.conf
3291
repostadvs.conf
3297
apprequest.conf
3284
advresp.conf
3273
adxrequest.conf
3277
adxresponse.conf
3280
adxerror.conf
3275
