----------1------10.9.17.152-------------
getadvs.conf

repostadvs.conf

apprequest.conf

advresp.conf

adxrequest.conf

adxresponse.conf

getadvs.conf

repostadvs.conf

apprequest.conf

advresp.conf

adxrequest.conf

adxresponse.conf

getadvs.conf

repostadvs.conf

apprequest.conf

advresp.conf

adxrequest.conf

adxresponse.conf

adxerror.conf

----------1------10.9.17.152-------------
getadvs.conf
10416
repostadvs.conf
10514
apprequest.conf
10620
advresp.conf
10722
adxrequest.conf
10836
adxresponse.conf
10945
adxerror.conf

----------2------10.9.17.215-------------
getadvs.conf
19495
repostadvs.conf
19582
apprequest.conf
19695
advresp.conf
19801
adxrequest.conf
19910
adxresponse.conf
20017
adxerror.conf

----------3------10.9.18.12-------------
getadvs.conf
27489
repostadvs.conf
27587
apprequest.conf
27693
advresp.conf
27799
adxrequest.conf
27913
adxresponse.conf
28002
adxerror.conf
28122
----------1------10.9.17.152-------------
getadvs.conf

repostadvs.conf

apprequest.conf

advresp.conf

adxrequest.conf

adxresponse.conf

adxerror.conf

----------2------10.9.17.215-------------
getadvs.conf

repostadvs.conf

apprequest.conf

advresp.conf

adxrequest.conf

adxresponse.conf

adxerror.conf

----------3------10.9.18.12-------------
getadvs.conf

repostadvs.conf

apprequest.conf

advresp.conf

adxrequest.conf

adxresponse.conf

adxerror.conf

----------1------10.9.17.152-------------
getadvs.conf
3282
repostadvs.conf
3380
apprequest.conf
3482
advresp.conf
3586
adxrequest.conf
3698
adxresponse.conf
3803
adxerror.conf
3938
----------2------10.9.17.215-------------
getadvs.conf
2866
repostadvs.conf
2964
apprequest.conf
3066
advresp.conf
3172
adxrequest.conf
3284
adxresponse.conf
3404
adxerror.conf
3523
----------3------10.9.18.12-------------
getadvs.conf
1485
repostadvs.conf
1557
apprequest.conf
1685
advresp.conf
1789
adxrequest.conf
1897
adxresponse.conf
2011
adxerror.conf
2138
----------1------10.9.18.167-------------
getadvs.conf

repostadvs.conf

apprequest.conf

advresp.conf

adxrequest.conf

adxresponse.conf

adxerror.conf

----------2------10.9.20.76-------------
getadvs.conf

repostadvs.conf

apprequest.conf

advresp.conf

adxrequest.conf

adxresponse.conf

adxerror.conf

----------3------10.9.24.11-------------
getadvs.conf

repostadvs.conf

apprequest.conf

advresp.conf

adxrequest.conf

adxresponse.conf

adxerror.conf

----------1------10.9.18.167-------------
getadvs.conf
1426
repostadvs.conf
1498
apprequest.conf
1570
adxrequest.conf
1836
adxresponse.conf
1940
adxerror.conf
2057
----------2------10.9.20.76-------------
getadvs.conf
1424
repostadvs.conf
1509
apprequest.conf
1609
advresp.conf
1743
adxrequest.conf
1847
adxresponse.conf
1958
adxerror.conf
2069
----------3------10.9.24.11-------------
getadvs.conf
1427
repostadvs.conf
1499
apprequest.conf
1631
advresp.conf
1729
adxrequest.conf
1835
adxresponse.conf
1952
adxerror.conf
2060
----------1------10.9.18.167-------------
getadvs.conf
1426
repostadvs.conf
1498
apprequest.conf
1570
advresp.conf
1728
adxrequest.conf
1836
adxresponse.conf
1940
adxerror.conf
2057
----------2------10.9.20.76-------------
getadvs.conf
1424
repostadvs.conf
1509
apprequest.conf
1609
advresp.conf
1743
adxrequest.conf
1847
adxresponse.conf
1958
adxerror.conf
2069
----------3------10.9.24.11-------------
getadvs.conf
1427
repostadvs.conf
1499
apprequest.conf
1631
advresp.conf
1729
adxrequest.conf
1835
adxresponse.conf
1952
adxerror.conf
2060
----------1------10.9.28.185-------------
getadvs.conf

repostadvs.conf

apprequest.conf

advresp.conf

adxrequest.conf

adxresponse.conf

getadvs.conf

repostadvs.conf

apprequest.conf

advresp.conf

adxrequest.conf

adxresponse.conf

getadvs.conf

repostadvs.conf

apprequest.conf

advresp.conf

adxrequest.conf

adxresponse.conf

----------1------10.9.28.185-------------
repostadvs.conf
21711
apprequest.conf
21825
advresp.conf
21931
adxrequest.conf
22041
adxresponse.conf
22152
adxerror.conf

----------2------10.9.31.23-------------
repostadvs.conf
22968
apprequest.conf
23073
advresp.conf
23179
adxrequest.conf
23291
adxresponse.conf
23401
adxerror.conf

----------3------10.9.32.231-------------
apprequest.conf
23395
advresp.conf
23506
adxrequest.conf
23621
adxresponse.conf
23726
adxerror.conf

----------1------10.9.28.185-------------
getadvs.conf
21625
repostadvs.conf
21711
apprequest.conf
21825
advresp.conf
21931
adxrequest.conf
22041
adxresponse.conf
22152
adxerror.conf
22736
----------2------10.9.31.23-------------
getadvs.conf
22870
repostadvs.conf
22968
apprequest.conf
23073
advresp.conf
23179
adxrequest.conf
23291
adxresponse.conf
23401
adxerror.conf
24004
----------3------10.9.32.231-------------
getadvs.conf
23195
repostadvs.conf
23293
apprequest.conf
23395
advresp.conf
23506
adxrequest.conf
23621
adxresponse.conf
23726
adxerror.conf
24308
----------1------10.9.28.185-------------
getadvs.conf

repostadvs.conf

apprequest.conf

advresp.conf

adxrequest.conf

adxresponse.conf

adxerror.conf

----------2------10.9.31.23-------------
getadvs.conf

repostadvs.conf

apprequest.conf

advresp.conf

adxrequest.conf

adxresponse.conf

adxerror.conf

----------3------10.9.32.231-------------
getadvs.conf

repostadvs.conf

apprequest.conf

advresp.conf

adxrequest.conf

adxresponse.conf

adxerror.conf

----------1------10.9.28.185-------------
getadvs.conf
3428
repostadvs.conf
3523
apprequest.conf
3634
advresp.conf
3740
adxrequest.conf
3819
adxresponse.conf
3960
adxerror.conf
4090
----------2------10.9.31.23-------------
getadvs.conf
3415
repostadvs.conf
3513
apprequest.conf
3615
advresp.conf
3721
adxrequest.conf
3821
adxresponse.conf
3948
adxerror.conf
4069
----------3------10.9.32.231-------------
getadvs.conf
3365
repostadvs.conf
3463
apprequest.conf
3569
advresp.conf
3671
adxrequest.conf
3785
adxresponse.conf
3914
adxerror.conf
4028
----------1------10.9.28.185-------------
getadvs.conf
3428
repostadvs.conf
3523
apprequest.conf
3634
advresp.conf
3740
adxrequest.conf
3819
adxresponse.conf
3960
adxerror.conf
4090
----------2------10.9.31.23-------------
getadvs.conf
3415
repostadvs.conf
3513
apprequest.conf
3615
advresp.conf
3721
adxrequest.conf
3821
adxresponse.conf
3948
adxerror.conf
4069
----------3------10.9.32.231-------------
getadvs.conf
3365
repostadvs.conf
3463
apprequest.conf
3569
advresp.conf
3671
adxrequest.conf
3785
adxresponse.conf
3914
adxerror.conf
4028
