----------1------10.9.197.176-------------
h5advshow5.conf
21019
h5inviewshow5.conf
21117
middlepgclick5.conf
21220
extendadvshow5.conf
21325
dfwapadv5.conf
23926
pcadvinviewlog5.conf
21677
pcadvshowlog5.conf
28840
pcadvcloselog5.conf
21775
appshowlog5.conf
21886
appinviewlog5.conf
21993
appinstalllog5.conf
22072
appopenlog5.conf
22220
appclicklog5.conf
22316
adxshow5.conf
24757
adxinview5.conf
22536
adxclick5.conf
22628
appadxshow5.conf
22737
appadxinview5.conf
22869
appadxclick5.conf
22986
unioninviewlog5.conf
23057
unionshowlog5.conf
23209
unionclicklog5.conf
23293
appvideoadlog5.conf
23461
dspbrushcountlog5.conf
23555
----------2------10.9.81.40-------------
h5advshow5.conf
1984
h5inviewshow5.conf
2057
middlepgclick5.conf
2136
extendadvshow5.conf
2237
dfwapadv5.conf
2402
pcadvinviewlog5.conf
7871
pcadvshowlog5.conf
1486
pcadvcloselog5.conf
4430
appshowlog5.conf
4536
appinviewlog5.conf
4652
appinstalllog5.conf
4765
appopenlog5.conf
5053
appclicklog5.conf
5189
adxshow5.conf
5252
adxinview5.conf
5546
adxclick5.conf
6035
appadxshow5.conf
6116
appadxinview5.conf
8229
appadxclick5.conf
8328
unioninviewlog5.conf
6462
unionshowlog5.conf
6562
unionclicklog5.conf
8501
appvideoadlog5.conf
6755
dspbrushcountlog5.conf
6843
----------3------10.9.89.207-------------
h5inviewshow5.conf
30673
middlepgclick5.conf
30775
extendadvshow5.conf
30880
dfwapadv5.conf
30991
pcadvinviewlog5.conf
31140
pcadvshowlog5.conf
29407
pcadvcloselog5.conf
31454
appshowlog5.conf
1872
appinviewlog5.conf
31662
appinstalllog5.conf
31752
appopenlog5.conf
31872
appclicklog5.conf
31994
adxshow5.conf
32053
adxinview5.conf
32168
adxclick5.conf
32333
appadxshow5.conf
32450
appadxinview5.conf
2177
appadxclick5.conf
2291
unioninviewlog5.conf
533
unionshowlog5.conf
2423
unionclicklog5.conf
862
appvideoadlog5.conf
945
dspbrushcountlog5.conf
1047
----------4------10.9.149.210-------------
h5advshow5.conf
29124
h5inviewshow5.conf
29223
middlepgclick5.conf
29328
extendadvshow5.conf
29428
dfwapadv5.conf
29533
pcadvinviewlog5.conf
29657
pcadvshowlog5.conf
28140
pcadvcloselog5.conf
29832
appshowlog5.conf
29944
appinviewlog5.conf
32711
appinstalllog5.conf
326
appopenlog5.conf
30158
appclicklog5.conf
30246
adxshow5.conf
30359
adxinview5.conf
30465
adxclick5.conf
592
appadxshow5.conf
30725

appadxinview5.conf
718
appadxclick5.conf
815
unioninviewlog5.conf
928
unionshowlog5.conf
31216
unionclicklog5.conf
1154
appvideoadlog5.conf
31561
dspbrushcountlog5.conf
31663
----------5------10.9.191.207-------------
h5advshow5.conf
16580
h5inviewshow5.conf
16667
middlepgclick5.conf
17410
extendadvshow5.conf
19779
dfwapadv5.conf
17597
pcadvinviewlog5.conf
17694
pcadvshowlog5.conf
15468
pcadvcloselog5.conf
17847
appshowlog5.conf
17922
appinviewlog5.conf
18011
appinstalllog5.conf
20038
appopenlog5.conf
18225
appclicklog5.conf
18319
adxshow5.conf
18444
adxinview5.conf
18549
adxclick5.conf
18640
appadxshow5.conf
20256
`
appadxinview5.conf
18836
appadxclick5.conf
20388
unioninviewlog5.conf
20476
unionshowlog5.conf
20569
unionclicklog5.conf
20672
e
appvideoadlog5.conf
20783
dspbrushcountlog5.conf
23943
----------6------10.9.86.72-------------
h5advshow5.conf
12702
h5inviewshow5.conf
12804
middlepgclick5.conf
12908
extendadvshow5.conf
13030
dfwapadv5.conf
13113
pcadvinviewlog5.conf
13217
pcadvshowlog5.conf
11563
pcadvcloselog5.conf
13408
appshowlog5.conf
13516
appinviewlog5.conf
13608
appinstalllog5.conf
13757
appopenlog5.conf
13847
appclicklog5.conf
13992
adxshow5.conf
14104
adxinview5.conf
14190
adxclick5.conf
14282
appadxshow5.conf
14443
appadxinview5.conf
15777
appadxclick5.conf
15849
unioninviewlog5.conf
15956
unionshowlog5.conf
16037
unionclicklog5.conf
20197
appvideoadlog5.conf
16253
dspbrushcountlog5.conf
16368
----------7------10.9.161.224-------------
h5advshow5.conf
21706
h5inviewshow5.conf
21802
middlepgclick5.conf
21904
extendadvshow5.conf
22008
dfwapadv5.conf
22110
pcadvinviewlog5.conf
22220
pcadvshowlog5.conf
20488
pcadvcloselog5.conf
22407
appshowlog5.conf
22504
appinviewlog5.conf
22611
appinstalllog5.conf
22720
appopenlog5.conf
22865
appclicklog5.conf
22975
adxshow5.conf
23100
adxinview5.conf"
adxinview5.conf
23200
adxclick5.conf
23343
appadxshow5.conf
23471
me="appadxinview5.conf"
appadxinview5.conf
23566
appadxclick5.conf
23689
me="unioninviewlog5.conf"
unioninviewlog5.conf
23787
unionshowlog5.conf
27344
unionclicklog5.conf
27443
appvideoadlog5.conf
27538
dspbrushcountlog5.conf
27652
----------8------10.9.199.140-------------
h5advshow5.conf
17598
h5inviewshow5.conf
17694
middlepgclick5.conf
17787
extendadvshow5.conf
17877
dfwapadv5.conf
17989
pcadvinviewlog5.conf
18110
pcadvshowlog5.conf
16496
pcadvcloselog5.conf
18289
appshowlog5.conf
18390
appinviewlog5.conf
22106
appinstalllog5.conf
18614
appopenlog5.conf
18701
appclicklog5.conf
18793
adxshow5.conf
18892
adxinview5.conf
22326
adxclick5.conf
19090
appadxshow5.conf
19186
appadxinview5.conf
22474
appadxclick5.conf
22552
unionshowlog5.conf
19737
unionclicklog5.conf
22779
appvideoadlog5.conf
22912
dspbrushcountlog5.conf
23098
----------9------10.9.91.74-------------
h5advshow5.conf
h5inviewshow5.conf
14856
middlepgclick5.conf
14983
 
extendadvshow5.conf
19769
dfwapadv5.conf
15178
pcadvinviewlog5.conf
15274
pcadvshowlog5.conf
13466
pcadvcloselog5.conf
15406
appshowlog5.conf
15499
appinviewlog5.conf
15594
appinstalllog5.conf
15719
appopenlog5.conf
20047
appclicklog5.conf
15952
adxshow5.conf
16029
adxinview5.conf
16156
 
adxclick5.conf
16273
appadxshow5.conf
16368
appadxinview5.conf
16491
appadxclick5.conf
16624
unioninviewlog5.conf
20319
unionshowlog5.conf
20405
e="unionclicklog5.conf"
unionclicklog5.conf
20496
appvideoadlog5.conf
20597
d
dspbrushcountlog5.conf
17470
----------10------10.9.127.13-------------
h5advshow5.conf
10987
h5inviewshow5.conf
11088
middlepgclick5.conf
11195
extendadvshow5.conf
11301
dfwapadv5.conf
11385
pcadvinviewlog5.conf
11531
pcadvshowlog5.conf
9609
pcadvcloselog5.conf
11694
appshowlog5.conf
11793
appinviewlog5.conf
11903
appinstalllog5.conf
12022
appopenlog5.conf
12166
appclicklog5.conf
12290
adxshow5.conf
15836
adxinview5.conf
12481
adxclick5.conf
15963
appadxshow5.conf
12777
appadxinview5.conf
12869
appadxclick5.conf
12983
unioninviewlog5.conf
16363
unionshowlog5.conf
16466
unionclicklog5.conf
16566
appvideoadlog5.conf
16674
dspbrushcountlog5.conf
13343
----------11------10.9.183.167-------------
h5advshow5.conf
9421
h5inviewshow5.conf
9493
middlepgclick5.conf
9595
extendadvshow5.conf
9702
dfwapadv5.conf
9807
pcadvinviewlog5.conf
9863
pcadvshowlog5.conf
7988
pcadvcloselog5.conf
10036
appshowlog5.conf
14642
appinviewlog5.conf
10319
appinstalllog5.conf
10419
appopenlog5.conf
10522
appclicklog5.conf
10636
adxshow5.conf
14927
adxinview5.conf
14999
adxclick5.conf
15101
appadxshow5.conf
15222
appadxinview5.conf
15312
appadxclick5.conf
15414
unioninviewlog5.conf
16582
unionshowlog5.conf
15613
unionclicklog5.conf
11606
appvideoadlog5.conf
11698
dspbrushcountlog5.conf
11869
----------12------10.9.190.14-------------
h5advshow5.conf
21479
h5inviewshow5.conf
21563
middlepgclick5.conf
21665
extendadvshow5.conf
24469
dfwapadv5.conf
21834
pcadvinviewlog5.conf
21940
pcadvshowlog5.conf
20089
pcadvcloselog5.conf
22084
appshowlog5.conf
22168
appinviewlog5.conf
22270
appinstalllog5.conf
22390
appopenlog5.conf
22515
appclicklog5.conf
24854
    
adxshow5.conf
22713
adxinview5.conf
22805
adxclick5.conf
25011
appadxshow5.conf
22964
appadxinview5.conf
25143
appadxclick5.conf
25231
unioninviewlog5.conf
25311
unionshowlog5.conf
23636
unionclicklog5.conf
23704
appvideoadlog5.conf
23781
dspbrushcountlog5.conf
23876
----------1------10.9.17.152-------------
getadvs5.conf

repostadvs5.conf

apprequest5.conf

advresp5.conf

adxrequest5.conf

adxresponse5.conf

adxerror5.conf

----------2------10.9.17.215-------------
getadvs5.conf

repostadvs5.conf

apprequest5.conf

advresp5.conf

adxrequest5.conf

adxresponse5.conf

adxerror5.conf

----------3------10.9.18.12-------------
getadvs5.conf

repostadvs5.conf

apprequest5.conf

advresp5.conf

adxrequest5.conf

adxresponse5.conf

adxerror5.conf

----------1------10.9.17.152-------------
getadvs5.conf
4429
repostadvs5.conf
4527
apprequest5.conf
4629
advresp5.conf
4735
adxrequest5.conf
4844
adxresponse5.conf
4955
adxerror5.conf
5071
----------2------10.9.17.215-------------
getadvs5.conf
4017
repostadvs5.conf
4103
apprequest5.conf
4217
advresp5.conf
4322
adxrequest5.conf
4433
adxresponse5.conf
4527
adxerror5.conf
4670
----------3------10.9.18.12-------------
getadvs5.conf
2621
repostadvs5.conf
2719
apprequest5.conf
2825
advresp5.conf
2931
adxrequest5.conf
3041
adxresponse5.conf
3157
adxerror5.conf
3273
----------1------10.9.18.167-------------
getadvs5.conf

repostadvs5.conf

apprequest5.conf

advresp5.conf

adxrequest5.conf

adxresponse5.conf

adxerror5.conf

----------2------10.9.20.76-------------
getadvs5.conf

repostadvs5.conf

apprequest5.conf

advresp5.conf

adxrequest5.conf

adxresponse5.conf

adxerror5.conf

----------3------10.9.24.11-------------
getadvs5.conf

repostadvs5.conf

apprequest5.conf

advresp5.conf

adxrequest5.conf

adxresponse5.conf

adxerror5.conf

----------1------10.9.18.167-------------
getadvs5.conf
2874
repostadvs5.conf
2972
apprequest5.conf
3074
advresp5.conf
3184
adxrequest5.conf
3292
adxresponse5.conf
3412
adxerror5.conf
3532
----------2------10.9.20.76-------------
getadvs5.conf
2871
repostadvs5.conf
2969
apprequest5.conf
3077
advresp5.conf
3177
adxrequest5.conf
3291
adxresponse5.conf
3423
adxerror5.conf
3540
----------3------10.9.24.11-------------
getadvs5.conf
2825
repostadvs5.conf
2923
apprequest5.conf
3026
advresp5.conf
3135
adxrequest5.conf
3245
adxresponse5.conf
3367
adxerror5.conf
3488
----------1------10.9.28.185-------------
getadvs5.conf

repostadvs5.conf

apprequest5.conf

advresp5.conf

adxrequest5.conf

adxresponse5.conf

adxerror5.conf

----------2------10.9.31.23-------------
getadvs5.conf

repostadvs5.conf

apprequest5.conf

advresp5.conf

adxrequest5.conf

adxresponse5.conf

adxerror5.conf

----------3------10.9.32.231-------------
getadvs5.conf

repostadvs5.conf

apprequest5.conf

advresp5.conf

adxrequest5.conf

adxresponse5.conf

adxerror5.conf

----------1------10.9.28.185-------------
getadvs5.conf
4600
repostadvs5.conf
4695
apprequest5.conf
4804
advresp5.conf
4906
adxrequest5.conf
5019
adxresponse5.conf
5126
adxerror5.conf
5253
----------2------10.9.31.23-------------
getadvs5.conf
4588
repostadvs5.conf
4686
apprequest5.conf
4788
advresp5.conf
4894
adxrequest5.conf
5006
adxresponse5.conf
5126
adxerror5.conf
5246
----------3------10.9.32.231-------------
getadvs5.conf
4533
repostadvs5.conf
4631
apprequest5.conf
4740
advresp5.conf
4847
adxrequest5.conf
4954
adxresponse5.conf
5090
adxerror5.conf
5204
----------1------10.9.89.139-------------
ame}" >/dev/null 2>&1
active5.conf
8803
videoact5.conf

----------2------10.9.141.221-------------
active5.conf

videoact5.conf

----------1------10.9.89.139-------------
active5.conf
8803
videoact5.conf
13307
----------2------10.9.141.221-------------
active5.conf
5359
videoact5.conf
5455
----------1------10.9.62.43-------------
dydate5.conf

----------2------10.9.47.81-------------
dydate5.conf

----------3------10.9.101.233-------------
dydate5.conf

----------4------10.9.35.31-------------
dydate5.conf

----------5------10.9.148.187-------------
}" ];then
dydate5.conf

----------6------10.9.176.87-------------
dydate5.conf

----------1------10.9.62.43-------------
dydate5.conf
8910
----------2------10.9.47.81-------------
dydate5.conf
23457
----------3------10.9.101.233-------------
dydate5.conf
16467
----------4------10.9.35.31-------------
dydate5.conf
31930
----------5------10.9.148.187-------------
dydate5.conf
23722
----------6------10.9.176.87-------------
dydate5.conf
15825
