----------1------10.9.149.210-------------
sougou_unionclicklog5.conf
16132
sougou_unionshowlog5.conf
16229
----------2------10.9.161.224-------------
sougou_unionclicklog5.conf
7902
sougou_unionshowlog5.conf
7977
----------3------10.9.199.140-------------
sougou_unionclicklog5.conf
1350
sougou_unionshowlog5.conf
1496
----------4------10.9.91.74-------------
="sougou_unionclicklog5.conf"
sougou_unionclicklog5.conf
29046
sougou_unionshowlog5.conf
29120
----------5------10.9.191.207-------------
sougou_unionclicklog5.conf
1660
sougou_unionshowlog5.conf
1737
----------6------10.9.190.14-------------
sougou_unionclicklog5.conf
7000
sougou_unionshowlog5.conf
7090
----------7------10.9.197.176-------------
sougou_unionclicklog5.conf
12783
sougou_unionshowlog5.conf
12969
----------8------10.9.183.167-------------
sougou_unionclicklog5.conf
22791
sougou_unionshowlog5.conf
22866
----------9------10.9.86.72-------------
sougou_unionclicklog5.conf
30345
sougou_unionshowlog5.conf
30458
----------10------10.9.81.40-------------
sougou_unionclicklog5.conf
21496
sougou_unionshowlog5.conf
21615
----------11------10.9.89.207-------------
sougou_unionclicklog5.conf
16374
sougou_unionshowlog5.conf
16453
----------12------10.9.127.13-------------
sougou_unionclicklog5.conf
24746
sougou_unionshowlog5.conf
24847
----------13------10.9.33.84-------------
sougou_unionclicklog5.conf
25500
sougou_unionshowlog5.conf
25572
----------14------10.9.36.34-------------
sougou_unionclicklog5.conf
25045
sougou_unionshowlog5.conf
25129
----------15------10.9.40.180-------------
sougou_unionclicklog5.conf
25823
sougou_unionshowlog5.conf
25921
----------16------10.9.64.225-------------
sougou_unionclicklog5.conf
25489
sougou_unionshowlog5.conf
25561
