----------1------10.9.197.176-------------
sdkadvclicklog.conf
1824
sdkadvshowlog.conf
1854
btimethirdadreq.conf
1565
cooperateclick.conf
1572
cooperateshow.conf
1580
pgmonitor.conf
1806
----------2------10.9.81.40-------------
sdkadvclicklog.conf
1883
sdkadvshowlog.conf
1892
btimethirdadreq.conf
1557
cooperateclick.conf
1579
cooperateshow.conf
1591
pgmonitor.conf
1872
----------3------10.9.89.207-------------
sdkadvclicklog.conf
1876
sdkadvshowlog.conf
1888
btimethirdadreq.conf
1530
cooperateclick.conf
1550
cooperateshow.conf
1565
pgmonitor.conf
1864
----------4------10.9.149.210-------------
sdkadvclicklog.conf
1790
sdkadvshowlog.conf
1839
btimethirdadreq.conf
1480
me_log_pid
cooperateclick.conf
1483
cooperateshow.conf
1486
pgmonitor.conf
1750
----------5------10.9.191.207-------------
sdkadvclicklog.conf
1927
sdkadvshowlog.conf
1971
btimethirdadreq.conf
1627
cooperateclick.conf
1650
cooperateshow.conf
1664
pgmonitor.conf
1900
----------6------10.9.86.72-------------
sdkadvclicklog.conf
1808
sdkadvshowlog.conf
1837
btimethirdadreq.conf
1550
cooperateclick.conf
1558
cooperateshow.conf
1573
pgmonitor.conf
1796
----------7------10.9.161.224-------------
sdkadvclicklog.conf
1869
sdkadvshowlog.conf
1903
req.conf
btimethirdadreq.conf
1566
cooperateclick.conf
1569
cooperateshow.conf
1589
pgmonitor.conf
1830
----------8------10.9.199.140-------------
sdkadvclicklog.conf
1586
sdkadvshowlog.conf
1617
btimethirdadreq.conf
1401
cooperateclick.conf
1403
cooperateshow.conf
1405
pgmonitor.conf
1561
----------9------10.9.91.74-------------
sdkadvclicklog.conf
1673
sdkadvshowlog.conf
1680
btimethirdadreq.conf
1522
cooperateclick.conf
1525
cooperateshow.conf
1545
pgmonitor.conf
1666
----------10------10.9.127.13-------------
sdkadvclicklog.conf
1829
sdkadvshowlog.conf
1847
btimethirdadreq.conf
1560
cooperateclick.conf
1580
cooperateshow.conf
1605
pgmonitor.conf
1820
----------11------10.9.183.167-------------
sdkadvclicklog.conf
1788
sdkadvshowlog.conf
1844
btimethirdadreq.conf
1537
cooperateclick.conf
1552
cooperateshow.conf
1570
licklog.conf
sdkadvclicklog.conf
1903
sdkadvshowlog.conf
1945
onf
btimethirdadreq.conf
1624
cooperateclick.conf
1643
cooperateshow.conf
1663
pgmonitor.conf
1872
----------1------10.9.197.176-------------
sdkadvclicklog.conf

sdkadvshowlog.conf

btimethirdadreq.conf

cooperateclick.conf

cooperateshow.conf

pgmonitor.conf

----------2------10.9.81.40-------------
sdkadvclicklog.conf

sdkadvshowlog.conf

btimethirdadreq.conf

cooperateclick.conf

cooperateshow.conf

pgmonitor.conf

----------3------10.9.89.207-------------
sdkadvclicklog.conf

sdkadvshowlog.conf

btimethirdadreq.conf

cooperateclick.conf

cooperateshow.conf

pgmonitor.conf

----------4------10.9.149.210-------------
sdkadvclicklog.conf

sdkadvshowlog.conf

btimethirdadreq.conf

cooperateclick.conf

cooperateshow.conf

f
pgmonitor.conf

----------5------10.9.191.207-------------
sdkadvclicklog.conf

sdkadvshowlog.conf

btimethirdadreq.conf

cooperateclick.conf

cooperateshow.conf

pgmonitor.conf

----------6------10.9.86.72-------------
sdkadvclicklog.conf

sdkadvshowlog.conf

btimethirdadreq.conf

cooperateclick.conf

cooperateshow.conf

pgmonitor.conf

----------7------10.9.161.224-------------
sdkadvclicklog.conf

sdkadvshowlog.conf

btimethirdadreq.conf

cooperateclick.conf

cooperateshow.conf

pgmonitor.conf

----------8------10.9.199.140-------------
sdkadvclicklog.conf

sdkadvshowlog.conf

btimethirdadreq.conf

cooperateclick.conf

cooperateshow.conf

pgmonitor.conf

----------9------10.9.91.74-------------
sdkadvclicklog.conf

sdkadvshowlog.conf

btimethirdadreq.conf

cooperateclick.conf

cooperateshow.conf

pgmonitor.conf

----------10------10.9.127.13-------------
sdkadvclicklog.conf

sdkadvshowlog.conf

btimethirdadreq.conf

cooperateclick.conf

cooperateshow.conf

pgmonitor.conf

----------11------10.9.183.167-------------
sdkadvclicklog.conf

sdkadvshowlog.conf

btimethirdadreq.conf

cooperateclick.conf

cooperateshow.conf

| grep -v grep  |awk -F' ' '{print \$2}'`
pgmonitor.conf

----------12------10.9.190.14-------------
sdkadvclicklog.conf

sdkadvshowlog.conf

btimethirdadreq.conf

cooperateclick.conf

cooperateshow.conf

pgmonitor.conf

