----------1------10.9.59.67-------------
12times_awards.conf
9398
gy_login_dc.conf
9460
login_guc.conf
9553
seventimes_awards.conf
9650
task_add_bonus_performance.conf
9749
----------2------10.9.126.250-------------
12times_awards.conf
2247
gy_login_dc.conf
2301
login_guc.conf
2361
seventimes_awards.conf
2433
task_add_bonus_performance.conf
2490
----------3------10.9.122.128-------------
12times_awards.conf
2466
gy_login_dc.conf
2520
login_guc.conf
2580
seventimes_awards.conf
2652
task_add_bonus_performance.conf
2715
----------4------10.9.120.174-------------
12times_awards.conf
2423
gy_login_dc.conf
2477
login_guc.conf
2537
seventimes_awards.conf
2609
task_add_bonus_performance.conf
2671
----------5------10.9.39.92-------------
12times_awards.conf
2525
gy_login_dc.conf
2566
login_guc.conf
2639
seventimes_awards.conf
2711
task_add_bonus_performance.conf
2773
----------6------10.9.169.114-------------
12times_awards.conf
2547
gy_login_dc.conf
2601
login_guc.conf
2661
seventimes_awards.conf
2734
task_add_bonus_performance.conf
2796
----------7------10.9.60.145-------------
12times_awards.conf
2196
gy_login_dc.conf
2250
login_guc.conf
2310
seventimes_awards.conf
2382
task_add_bonus_performance.conf
2444
----------8------10.9.180.192-------------
12times_awards.conf
2354
gy_login_dc.conf
2395
login_guc.conf
2469
seventimes_awards.conf
2541
task_add_bonus_performance.conf
2603
----------9------10.9.168.13-------------
12times_awards.conf
2335
gy_login_dc.conf
2376
login_guc.conf
2449
seventimes_awards.conf
2521
task_add_bonus_performance.conf
2583
----------10------10.9.151.195-------------
12times_awards.conf
2411
gy_login_dc.conf
2465
login_guc.conf
2535
seventimes_awards.conf
2597
task_add_bonus_performance.conf
2659
