第一组12
0
0
/user/hive/warehouse/adverdb.db/log_miniwap_h5_dsp_show
12
12
/user/hive/warehouse/adverdb.db/log_miniwap_h5_dsp_show_inview
12
12
/user/hive/warehouse/adverdb.db/log_miniwap_h5_dsp_middlepg_click
12
12
/user/hive/warehouse/adverdb.db/log_miniwap_h5_dsp_click
12
12
/user/hive/warehouse/adverdb.db/log_adver_dsp_api_extendadvshow
12
12
/user/hive/warehouse/adverdb.db/log_adver_dsp_api_extendadvrequest
12
12
/user/hive/warehouse/adverdb.db/log_minipc_dsp_show_inview
12
12
/user/hive/warehouse/adverdb.db/log_minipc_dsp_show
12
12
/user/hive/warehouse/adverdb.db/log_minipc_dsp_click
12
12
/user/hive/warehouse/adverdb.db/log_minipc_dsp_close
12
12
/user/hive/warehouse/adverdb.db/log_app_client_request_show
12
12
/user/hive/warehouse/adverdb.db/log_dsp_adver_inview
12
12
/user/hive/warehouse/adverdb.db/log_adver_dsp_app_installl
12
12
/user/hive/warehouse/adverdb.db/log_adver_union_open_report
12
12
/user/hive/warehouse/adverdb.db/log_app_client_request_click
12
12
/user/hive/warehouse/adverdb.db/log_adx_adver_show
12
12
/user/hive/warehouse/adverdb.db/log_adx_adver_inview
12
12
/user/hive/warehouse/adverdb.db/log_adx_adver_click
12
12
/user/hive/warehouse/adverdb.db/log_adx_adver_app_show
12
12
/user/hive/warehouse/adverdb.db/log_adx_adver_app_inview
12
12
/user/hive/warehouse/adverdb.db/log_adx_adver_app_click
12
12
/user/hive/warehouse/adverdb.db/log_adver_union_pc_inview
12
12
/user/hive/warehouse/adverdb.db/log_adver_union_pc_client_show
12
12
/user/hive/warehouse/adverdb.db/log_adver_union_pc_click
12
12
/user/hive/warehouse/adverdb.db/log_union_video_report
12
12
/user/hive/warehouse/adverdb.db/log_dsp_include_repeat_click
12
12
/user/hive/warehouse/adverdb.db/log_union_sougou_hotword_show
3
7
/user/hive/warehouse/adverdb.db/log_union_sougou_hotword_click
12
16
第二组24
0
0
/user/hive/warehouse/adverdb.db/log_adver_dsp_extendadvshow
24
24
/user/hive/warehouse/adverdb.db/log_minipc_dsp_show_server
24
24
/user/hive/warehouse/adverdb.db/log_pc_client_request_show
24
24
/user/hive/warehouse/adverdb.db/log_h5_client_request_show_detail
24
24
/user/hive/warehouse/adverdb.db/log_h5_client_request_show_list
24
24
/user/hive/warehouse/adverdb.db/log_adx_adver_request
24
24
/user/hive/warehouse/adverdb.db/log_adx_adver_response
24
24
/user/hive/warehouse/adverdb.db/log_adx_adver_adxerror
24
24
/user/hive/warehouse/adverdb.db/log_adver_filtration
24
24
第三组40
0
0
/user/hive/warehouse/adverdb.db/log_adver_adunion_par_request
40
40
/user/hive/warehouse/adverdb.db/log_adver_adunion_request
40
31
/user/hive/warehouse/adverdb.db/log_adver_adunion_return
40
40
/user/hive/warehouse/adverdb.db/log_adver_adunion_click_show_down_install_source
39
0
/user/hive/warehouse/adverdb.db/log_adver_union_par_request
40
40
/user/hive/warehouse/adverdb.db/log_adver_union_request
40
40
/user/hive/warehouse/adverdb.db/log_adver_union_return
40
40
/user/hive/warehouse/adverdb.db/log_adver_union_report
40
40
/user/hive/warehouse/adverdb.db/log_app_request
40
31
/user/hive/warehouse/adverdb.db/log_adver_app_show_server
40
31
/user/hive/warehouse/adverdb.db/log_adx_adver_app_request
40
31
/user/hive/warehouse/adverdb.db/log_adx_adver_app_response
40
31
/user/hive/warehouse/adverdb.db/log_adx_adver_app_adxerror
40
31
第四组6台
0
0
/user/hive/warehouse/minieastdaywap.db/log_adver_show
12
12
/user/hive/warehouse/minieastdaywap.db/log_adver_click
12
12
第四组9台
0
0
/user/hive/warehouse/adverdb.db/log_app_bdshow
9
9
/user/hive/warehouse/adverdb.db/log_app_bdclick
9
9
